<?xml version="1.0" encoding="UTF-8"?>
<testsuite xmlns:xsi="http://www.w3.org/2001/XMLSchema-instance" xsi:noNamespaceSchemaLocation="https://maven.apache.org/surefire/maven-failsafe-plugin/xsd/failsafe-test-report-3.0.xsd" version="3.0" name="ExpressionParsingIT" time="0.295" tests="3" errors="0" skipped="0" failures="1">
  <properties>
    <property name="java.specification.version" value="17"/>
    <property name="sun.cpu.isalist" value="amd64"/>
    <property name="sun.jnu.encoding" value="Cp1252"/>
    <property name="java.class.path" value="C:\Users\geord\OneDrive\Documents\GitHub\Qualcomm\target\test-classes;C:\Users\geord\.m2\repository\org\mariuszgromada\math\MathParser.org-mXparser\4.1.1\MathParser.org-mXparser-4.1.1.jar;C:\Users\geord\.m2\repository\junit\junit\4.11\junit-4.11.jar;C:\Users\geord\.m2\repository\org\hamcrest\hamcrest-core\1.3\hamcrest-core-1.3.jar;"/>
    <property name="java.vm.vendor" value="Oracle Corporation"/>
    <property name="sun.arch.data.model" value="64"/>
    <property name="user.variant" value=""/>
    <property name="java.vendor.url" value="https://java.oracle.com/"/>
    <property name="user.timezone" value="Europe/London"/>
    <property name="os.name" value="Windows 11"/>
    <property name="java.vm.specification.version" value="17"/>
    <property name="sun.java.launcher" value="SUN_STANDARD"/>
    <property name="user.country" value="GB"/>
    <property name="sun.boot.library.path" value="C:\Program Files\Java\jdk-17.0.2\bin"/>
    <property name="sun.java.command" value="org.apache.maven.surefire.booter.ForkedBooter C:\Users\geord\AppData\Local\Temp\surefire4237210443966579080 2022-03-17T01-01-42_916-jvmRun1 surefire4518779088089415064tmp surefire_04014400356845641141tmp"/>
    <property name="jdk.debug" value="release"/>
    <property name="surefire.test.class.path" value="C:\Users\geord\OneDrive\Documents\GitHub\Qualcomm\target\test-classes;C:\Users\geord\.m2\repository\org\mariuszgromada\math\MathParser.org-mXparser\4.1.1\MathParser.org-mXparser-4.1.1.jar;C:\Users\geord\.m2\repository\junit\junit\4.11\junit-4.11.jar;C:\Users\geord\.m2\repository\org\hamcrest\hamcrest-core\1.3\hamcrest-core-1.3.jar;"/>
    <property name="sun.cpu.endian" value="little"/>
    <property name="user.home" value="C:\Users\geord"/>
    <property name="user.language" value="en"/>
    <property name="java.specification.vendor" value="Oracle Corporation"/>
    <property name="jdk.module.path" value="C:\Users\geord\OneDrive\Documents\GitHub\Qualcomm\target\ExpressionParsing-1.0-SNAPSHOT.jar"/>
    <property name="java.version.date" value="2022-01-18"/>
    <property name="java.home" value="C:\Program Files\Java\jdk-17.0.2"/>
    <property name="file.separator" value="\"/>
    <property name="basedir" value="C:\Users\geord\OneDrive\Documents\GitHub\Qualcomm"/>
    <property name="java.vm.compressedOopsMode" value="Zero based"/>
    <property name="line.separator" value="&#10;"/>
    <property name="java.vm.specification.vendor" value="Oracle Corporation"/>
    <property name="java.specification.name" value="Java Platform API Specification"/>
    <property name="surefire.real.class.path" value="C:\Users\geord\.m2\repository\org\apache\maven\surefire\surefire-booter\3.0.0-M5\surefire-booter-3.0.0-M5.jar;C:\Users\geord\.m2\repository\org\apache\maven\surefire\surefire-api\3.0.0-M5\surefire-api-3.0.0-M5.jar;C:\Users\geord\.m2\repository\org\apache\maven\surefire\surefire-logger-api\3.0.0-M5\surefire-logger-api-3.0.0-M5.jar;C:\Users\geord\.m2\repository\org\apache\maven\surefire\surefire-shared-utils\3.0.0-M4\surefire-shared-utils-3.0.0-M4.jar;C:\Users\geord\.m2\repository\org\apache\maven\surefire\surefire-extensions-spi\3.0.0-M5\surefire-extensions-spi-3.0.0-M5.jar;C:\Users\geord\OneDrive\Documents\GitHub\Qualcomm\target\test-classes;C:\Users\geord\.m2\repository\org\mariuszgromada\math\MathParser.org-mXparser\4.1.1\MathParser.org-mXparser-4.1.1.jar;C:\Users\geord\.m2\repository\junit\junit\4.11\junit-4.11.jar;C:\Users\geord\.m2\repository\org\hamcrest\hamcrest-core\1.3\hamcrest-core-1.3.jar;C:\Users\geord\.m2\repository\org\apache\maven\surefire\surefire-junit4\3.0.0-M5\surefire-junit4-3.0.0-M5.jar;C:\Users\geord\.m2\repository\org\apache\maven\surefire\common-java5\3.0.0-M5\common-java5-3.0.0-M5.jar;C:\Users\geord\.m2\repository\org\apache\maven\surefire\common-junit3\3.0.0-M5\common-junit3-3.0.0-M5.jar;C:\Users\geord\.m2\repository\org\apache\maven\surefire\common-junit4\3.0.0-M5\common-junit4-3.0.0-M5.jar"/>
    <property name="user.script" value=""/>
    <property name="sun.management.compiler" value="HotSpot 64-Bit Tiered Compilers"/>
    <property name="java.runtime.version" value="17.0.2+8-LTS-86"/>
    <property name="user.name" value="geord"/>
    <property name="path.separator" value=";"/>
    <property name="os.version" value="10.0"/>
    <property name="java.runtime.name" value="Java(TM) SE Runtime Environment"/>
    <property name="file.encoding" value="Cp1252"/>
    <property name="java.vm.name" value="Java HotSpot(TM) 64-Bit Server VM"/>
    <property name="localRepository" value="C:\Users\geord\.m2\repository"/>
    <property name="java.vendor.url.bug" value="https://bugreport.java.com/bugreport/"/>
    <property name="java.io.tmpdir" value="C:\Users\geord\AppData\Local\Temp\"/>
    <property name="idea.version" value="2021.3.2"/>
    <property name="java.version" value="17.0.2"/>
    <property name="user.dir" value="C:\Users\geord\OneDrive\Documents\GitHub\Qualcomm"/>
    <property name="os.arch" value="amd64"/>
    <property name="java.vm.specification.name" value="Java Virtual Machine Specification"/>
    <property name="sun.os.patch.level" value=""/>
    <property name="native.encoding" value="Cp1252"/>
    <property name="java.library.path" value="C:\Program Files\Java\jdk-17.0.2\bin;C:\WINDOWS\Sun\Java\bin;C:\WINDOWS\system32;C:\WINDOWS;C:\Program Files\Common Files\Oracle\Java\javapath;C:\WINDOWS\system32;C:\WINDOWS;C:\WINDOWS\System32\Wbem;C:\WINDOWS\System32\WindowsPowerShell\v1.0\;C:\WINDOWS\System32\OpenSSH\;C:\Program Files\Java\jdk-17.0.2\bin;C:\Program Files\Git\cmd;C:\Users\geord\AppData\Local\Microsoft\WindowsApps;&quot;;C:\Program Files\JetBrains\IntelliJ IDEA Community Edition 2021.3.2\bin;;C:\ProgramData\geord\GitHubDesktop\bin;C:\Users\geord\AppData\Local\GitHubDesktop\bin;."/>
    <property name="java.vm.info" value="mixed mode"/>
    <property name="java.vendor" value="Oracle Corporation"/>
    <property name="java.vm.version" value="17.0.2+8-LTS-86"/>
    <property name="sun.io.unicode.encoding" value="UnicodeLittle"/>
    <property name="java.class.version" value="61.0"/>
  </properties>
  <testcase name="testParseAndEvaluateExpression" classname="ExpressionParsingIT" time="0.07"/>
  <testcase name="testParseAndEvaluateFile" classname="ExpressionParsingIT" time="0.112">
    <failure message="expected:&lt;1+ 3=4[&#10;(1-(1+2)+((2+3+(1+4))))*3=24&#10;3*(1+4)=15&#10;1+1/3=1&#10;3*2/3=2&#10;3*(2/3)=0&#10;(1+1)*(3/2)=2&#10;23+23=46&#10;23*10+100=330&#10;40/4+10*8=90&#10;40/((4+1)*8)=1&#13;]&#10;&gt; but was:&lt;1+ 3=4[&#10;(1-(1+2)+((2+3+(1+4))))*3=24&#10;3*(1+4)=15&#10;1+1/3=1&#10;3*2/3=2&#10;3*(2/3)=0&#10;(1+1)*(3/2)=2&#10;23+23=46&#10;23*10+100=330&#10;40/4+10*8=90&#10;40/((4+1)*8)=1]&#10;&gt;" type="org.junit.ComparisonFailure"><![CDATA[org.junit.ComparisonFailure: 
expected:<1+ 3=4[
(1-(1+2)+((2+3+(1+4))))*3=24
3*(1+4)=15
1+1/3=1
3*2/3=2
3*(2/3)=0
(1+1)*(3/2)=2
23+23=46
23*10+100=330
40/4+10*8=90
40/((4+1)*8)=1]
> but was:<1+ 3=4[
(1-(1+2)+((2+3+(1+4))))*3=24
3*(1+4)=15
1+1/3=1
3*2/3=2
3*(2/3)=0
(1+1)*(3/2)=2
23+23=46
23*10+100=330
40/4+10*8=90
40/((4+1)*8)=1]
>
	at ExpressionParsingIT.testParseAndEvaluateFile(ExpressionParsingIT.java:32)
]]></failure>
  </testcase>
  <testcase name="testEvaluate" classname="ExpressionParsingIT" time="0.008"/>
</testsuite>